# JRE version: Java(TM) SE Runtime Environment (8.0-b132) (build 1.8.0-b132)
# Java VM: Java HotSpot(TM) Client VM (25.0-b70 mixed mode windows-x86 )
Heap:
 def new generation   total 4928K, used 1136K [0x04000000, 0x04550000, 0x09550000)
  eden space 4416K,  14% used [0x04000000, 0x0409c390, 0x04450000)
  from space 512K, 100% used [0x044d0000, 0x04550000, 0x04550000)
  to   space 512K,   0% used [0x04450000, 0x04450000, 0x044d0000)
 tenured generation   total 10944K, used 4425K [0x09550000, 0x0a000000, 0x14000000)
   the space 10944K,  40% used [0x09550000, 0x099a2618, 0x099a2800, 0x0a000000)
 Metaspace       used 7742K, capacity 7879K, committed 7936K, reserved 8576K
GC Heap History (10 events):
Event: 1.160 GC heap before
{Heap before GC invocations=2 (full 0):
 def new generation   total 4928K, used 4928K [0x04000000, 0x04550000, 0x09550000)
  eden space 4416K, 100% used [0x04000000, 0x04450000, 0x04450000)
  from space 512K, 100% used [0x04450000, 0x044d0000, 0x044d0000)
  to   space 512K,   0% used [0x044d0000, 0x044d0000, 0x04550000)
 tenured generation   total 10944K, used 1554K [0x09550000, 0x0a000000, 0x14000000)
   the space 10944K,  14% used [0x09550000, 0x096d4988, 0x096d4a00, 0x0a000000)
 Metaspace       used 5023K, capacity 5071K, committed 5120K, reserved 5504K
Event: 1.168 GC heap after
Heap after GC invocations=3 (full 0):
 def new generation   total 4928K, used 511K [0x04000000, 0x04550000, 0x09550000)
  eden space 4416K,   0% used [0x04000000, 0x04000000, 0x04450000)
  from space 512K,  99% used [0x044d0000, 0x0454fff8, 0x04550000)
  to   space 512K,   0% used [0x04450000, 0x04450000, 0x044d0000)
 tenured generation   total 10944K, used 2356K [0x09550000, 0x0a000000, 0x14000000)
   the space 10944K,  21% used [0x09550000, 0x0979d370, 0x0979d400, 0x0a000000)
 Metaspace       used 5023K, capacity 5071K, committed 5120K, reserved 5504K
}
Event: 1.377 GC heap before
{Heap before GC invocations=3 (full 0):
 def new generation   total 4928K, used 4927K [0x04000000, 0x04550000, 0x09550000)
  eden space 4416K, 100% used [0x04000000, 0x04450000, 0x04450000)
  from space 512K,  99% used [0x044d0000, 0x0454fff8, 0x04550000)
  to   space 512K,   0% used [0x04450000, 0x04450000, 0x044d0000)
 tenured generation   total 10944K, used 2356K [0x09550000, 0x0a000000, 0x14000000)
   the space 10944K,  21% used [0x09550000, 0x0979d370, 0x0979d400, 0x0a000000)
 Metaspace       used 5505K, capacity 5551K, committed 5632K, reserved 6528K
Event: 1.381 GC heap after
Heap after GC invocations=4 (full 0):
 def new generation   total 4928K, used 512K [0x04000000, 0x04550000, 0x09550000)
  eden space 4416K,   0% used [0x04000000, 0x04000000, 0x04450000)
  from space 512K, 100% used [0x04450000, 0x044d0000, 0x044d0000)
  to   space 512K,   0% used [0x044d0000, 0x044d0000, 0x04550000)
 tenured generation   total 10944K, used 2616K [0x09550000, 0x0a000000, 0x14000000)
   the space 10944K,  23% used [0x09550000, 0x097de260, 0x097de400, 0x0a000000)
 Metaspace       used 5505K, capacity 5551K, committed 5632K, reserved 6528K
}
Event: 1.580 GC heap before
{Heap before GC invocations=4 (full 0):
 def new generation   total 4928K, used 4928K [0x04000000, 0x04550000, 0x09550000)
  eden space 4416K, 100% used [0x04000000, 0x04450000, 0x04450000)
  from space 512K, 100% used [0x04450000, 0x044d0000, 0x044d0000)
  to   space 512K,   0% used [0x044d0000, 0x044d0000, 0x04550000)
 tenured generation   total 10944K, used 2616K [0x09550000, 0x0a000000, 0x14000000)
   the space 10944K,  23% used [0x09550000, 0x097de260, 0x097de400, 0x0a000000)
 Metaspace       used 6183K, capacity 6223K, committed 6272K, reserved 6528K
Event: 1.584 GC heap after
Heap after GC invocations=5 (full 0):
 def new generation   total 4928K, used 512K [0x04000000, 0x04550000, 0x09550000)
  eden space 4416K,   0% used [0x04000000, 0x04000000, 0x04450000)
  from space 512K, 100% used [0x044d0000, 0x04550000, 0x04550000)
  to   space 512K,   0% used [0x04450000, 0x04450000, 0x044d0000)
 tenured generation   total 10944K, used 2969K [0x09550000, 0x0a000000, 0x14000000)
   the space 10944K,  27% used [0x09550000, 0x098366e8, 0x09836800, 0x0a000000)
 Metaspace       used 6183K, capacity 6223K, committed 6272K, reserved 6528K
}
Event: 1.777 GC heap before
{Heap before GC invocations=5 (full 0):
 def new generation   total 4928K, used 4928K [0x04000000, 0x04550000, 0x09550000)
  eden space 4416K, 100% used [0x04000000, 0x04450000, 0x04450000)
  from space 512K, 100% used [0x044d0000, 0x04550000, 0x04550000)
  to   space 512K,   0% used [0x04450000, 0x04450000, 0x044d0000)
 tenured generation   total 10944K, used 2969K [0x09550000, 0x0a000000, 0x14000000)
   the space 10944K,  27% used [0x09550000, 0x098366e8, 0x09836800, 0x0a000000)
 Metaspace       used 6957K, capacity 7011K, committed 7040K, reserved 7552K
Event: 1.784 GC heap after
Heap after GC invocations=6 (full 0):
 def new generation   total 4928K, used 512K [0x04000000, 0x04550000, 0x09550000)
  eden space 4416K,   0% used [0x04000000, 0x04000000, 0x04450000)
  from space 512K, 100% used [0x04450000, 0x044d0000, 0x044d0000)
  to   space 512K,   0% used [0x044d0000, 0x044d0000, 0x04550000)
 tenured generation   total 10944K, used 3550K [0x09550000, 0x0a000000, 0x14000000)
   the space 10944K,  32% used [0x09550000, 0x098c7ba0, 0x098c7c00, 0x0a000000)
 Metaspace       used 6957K, capacity 7011K, committed 7040K, reserved 7552K
}
Event: 2.003 GC heap before
{Heap before GC invocations=6 (full 0):
 def new generation   total 4928K, used 4928K [0x04000000, 0x04550000, 0x09550000)
  eden space 4416K, 100% used [0x04000000, 0x04450000, 0x04450000)
  from space 512K, 100% used [0x04450000, 0x044d0000, 0x044d0000)
  to   space 512K,   0% used [0x044d0000, 0x044d0000, 0x04550000)
 tenured generation   total 10944K, used 3550K [0x09550000, 0x0a000000, 0x14000000)
   the space 10944K,  32% used [0x09550000, 0x098c7ba0, 0x098c7c00, 0x0a000000)
 Metaspace       used 7565K, capacity 7617K, committed 7680K, reserved 8576K
Event: 2.011 GC heap after
Heap after GC invocations=7 (full 0):
 def new generation   total 4928K, used 512K [0x04000000, 0x04550000, 0x09550000)
  eden space 4416K,   0% used [0x04000000, 0x04000000, 0x04450000)
  from space 512K, 100% used [0x044d0000, 0x04550000, 0x04550000)
  to   space 512K,   0% used [0x04450000, 0x04450000, 0x044d0000)
 tenured generation   total 10944K, used 4425K [0x09550000, 0x0a000000, 0x14000000)
   the space 10944K,  40% used [0x09550000, 0x099a2618, 0x099a2800, 0x0a000000)
 Metaspace       used 7565K, capacity 7617K, committed 7680K, reserved 8576K
}

