# JRE version: Java(TM) SE Runtime Environment (8.0-b132) (build 1.8.0-b132)
# Java VM: Java HotSpot(TM) Client VM (25.0-b70 mixed mode, sharing windows-x86 )
Heap:
 def new generation   total 4928K, used 3502K [0x03000000, 0x03550000, 0x08550000)
  eden space 4416K,  67% used [0x03000000, 0x032ec840, 0x03450000)
  from space 512K,  99% used [0x03450000, 0x034cefc8, 0x034d0000)
  to   space 512K,   0% used [0x034d0000, 0x034d0000, 0x03550000)
 tenured generation   total 10944K, used 6256K [0x08550000, 0x09000000, 0x13000000)
   the space 10944K,  57% used [0x08550000, 0x08b6c0d8, 0x08b6c200, 0x09000000)
 Metaspace       used 2994K, capacity 3912K, committed 4032K, reserved 4480K
GC Heap History (10 events):
Event: 21.909 GC heap before
{Heap before GC invocations=29 (full 0):
 def new generation   total 4928K, used 4599K [0x03000000, 0x03550000, 0x08550000)
  eden space 4416K, 100% used [0x03000000, 0x03450000, 0x03450000)
  from space 512K,  35% used [0x034d0000, 0x034fdfb0, 0x03550000)
  to   space 512K,   0% used [0x03450000, 0x03450000, 0x034d0000)
 tenured generation   total 10944K, used 5525K [0x08550000, 0x09000000, 0x13000000)
   the space 10944K,  50% used [0x08550000, 0x08ab5488, 0x08ab5600, 0x09000000)
 Metaspace       used 2708K, capacity 3593K, committed 3648K, reserved 4480K
Event: 21.915 GC heap after
Heap after GC invocations=30 (full 0):
 def new generation   total 4928K, used 509K [0x03000000, 0x03550000, 0x08550000)
  eden space 4416K,   0% used [0x03000000, 0x03000000, 0x03450000)
  from space 512K,  99% used [0x03450000, 0x034cf738, 0x034d0000)
  to   space 512K,   0% used [0x034d0000, 0x034d0000, 0x03550000)
 tenured generation   total 10944K, used 5757K [0x08550000, 0x09000000, 0x13000000)
   the space 10944K,  52% used [0x08550000, 0x08aef658, 0x08aef800, 0x09000000)
 Metaspace       used 2708K, capacity 3593K, committed 3648K, reserved 4480K
}
Event: 22.461 GC heap before
{Heap before GC invocations=30 (full 0):
 def new generation   total 4928K, used 4910K [0x03000000, 0x03550000, 0x08550000)
  eden space 4416K,  99% used [0x03000000, 0x0344c238, 0x03450000)
  from space 512K,  99% used [0x03450000, 0x034cf738, 0x034d0000)
  to   space 512K,   0% used [0x034d0000, 0x034d0000, 0x03550000)
 tenured generation   total 10944K, used 5757K [0x08550000, 0x09000000, 0x13000000)
   the space 10944K,  52% used [0x08550000, 0x08aef658, 0x08aef800, 0x09000000)
 Metaspace       used 2773K, capacity 3657K, committed 3776K, reserved 4480K
Event: 22.467 GC heap after
Heap after GC invocations=31 (full 0):
 def new generation   total 4928K, used 195K [0x03000000, 0x03550000, 0x08550000)
  eden space 4416K,   0% used [0x03000000, 0x03000000, 0x03450000)
  from space 512K,  38% used [0x034d0000, 0x03500f98, 0x03550000)
  to   space 512K,   0% used [0x03450000, 0x03450000, 0x034d0000)
 tenured generation   total 10944K, used 5950K [0x08550000, 0x09000000, 0x13000000)
   the space 10944K,  54% used [0x08550000, 0x08b1f928, 0x08b1fa00, 0x09000000)
 Metaspace       used 2773K, capacity 3657K, committed 3776K, reserved 4480K
}
Event: 23.191 GC heap before
{Heap before GC invocations=31 (full 0):
 def new generation   total 4928K, used 4611K [0x03000000, 0x03550000, 0x08550000)
  eden space 4416K, 100% used [0x03000000, 0x03450000, 0x03450000)
  from space 512K,  38% used [0x034d0000, 0x03500f98, 0x03550000)
  to   space 512K,   0% used [0x03450000, 0x03450000, 0x034d0000)
 tenured generation   total 10944K, used 5950K [0x08550000, 0x09000000, 0x13000000)
   the space 10944K,  54% used [0x08550000, 0x08b1f928, 0x08b1fa00, 0x09000000)
 Metaspace       used 2907K, capacity 3800K, committed 3904K, reserved 4480K
Event: 23.196 GC heap after
Heap after GC invocations=32 (full 0):
 def new generation   total 4928K, used 480K [0x03000000, 0x03550000, 0x08550000)
  eden space 4416K,   0% used [0x03000000, 0x03000000, 0x03450000)
  from space 512K,  93% used [0x03450000, 0x034c8308, 0x034d0000)
  to   space 512K,   0% used [0x034d0000, 0x034d0000, 0x03550000)
 tenured generation   total 10944K, used 5950K [0x08550000, 0x09000000, 0x13000000)
   the space 10944K,  54% used [0x08550000, 0x08b1f928, 0x08b1fa00, 0x09000000)
 Metaspace       used 2907K, capacity 3800K, committed 3904K, reserved 4480K
}
Event: 23.594 GC heap before
{Heap before GC invocations=32 (full 0):
 def new generation   total 4928K, used 4896K [0x03000000, 0x03550000, 0x08550000)
  eden space 4416K, 100% used [0x03000000, 0x03450000, 0x03450000)
  from space 512K,  93% used [0x03450000, 0x034c8308, 0x034d0000)
  to   space 512K,   0% used [0x034d0000, 0x034d0000, 0x03550000)
 tenured generation   total 10944K, used 5950K [0x08550000, 0x09000000, 0x13000000)
   the space 10944K,  54% used [0x08550000, 0x08b1f928, 0x08b1fa00, 0x09000000)
 Metaspace       used 2963K, capacity 3910K, committed 4032K, reserved 4480K
Event: 23.599 GC heap after
Heap after GC invocations=33 (full 0):
 def new generation   total 4928K, used 140K [0x03000000, 0x03550000, 0x08550000)
  eden space 4416K,   0% used [0x03000000, 0x03000000, 0x03450000)
  from space 512K,  27% used [0x034d0000, 0x034f31f8, 0x03550000)
  to   space 512K,   0% used [0x03450000, 0x03450000, 0x034d0000)
 tenured generation   total 10944K, used 6031K [0x08550000, 0x09000000, 0x13000000)
   the space 10944K,  55% used [0x08550000, 0x08b33f18, 0x08b34000, 0x09000000)
 Metaspace       used 2963K, capacity 3910K, committed 4032K, reserved 4480K
}
Event: 24.043 GC heap before
{Heap before GC invocations=33 (full 0):
 def new generation   total 4928K, used 4556K [0x03000000, 0x03550000, 0x08550000)
  eden space 4416K, 100% used [0x03000000, 0x03450000, 0x03450000)
  from space 512K,  27% used [0x034d0000, 0x034f31f8, 0x03550000)
  to   space 512K,   0% used [0x03450000, 0x03450000, 0x034d0000)
 tenured generation   total 10944K, used 6031K [0x08550000, 0x09000000, 0x13000000)
   the space 10944K,  55% used [0x08550000, 0x08b33f18, 0x08b34000, 0x09000000)
 Metaspace       used 2963K, capacity 3910K, committed 4032K, reserved 4480K
Event: 24.050 GC heap after
Heap after GC invocations=34 (full 0):
 def new generation   total 4928K, used 507K [0x03000000, 0x03550000, 0x08550000)
  eden space 4416K,   0% used [0x03000000, 0x03000000, 0x03450000)
  from space 512K,  99% used [0x03450000, 0x034cefc8, 0x034d0000)
  to   space 512K,   0% used [0x034d0000, 0x034d0000, 0x03550000)
 tenured generation   total 10944K, used 6256K [0x08550000, 0x09000000, 0x13000000)
   the space 10944K,  57% used [0x08550000, 0x08b6c0d8, 0x08b6c200, 0x09000000)
 Metaspace       used 2963K, capacity 3910K, committed 4032K, reserved 4480K
}

