<?xml version="1.0" encoding="UTF-8"?>
<!-- Generated by org.testng.reporters.JUnitXMLReporter -->
<testsuite hostname="DESKTOP-32ERK54" name="My Test" tests="4" failures="0" timestamp="21 Apr 2020 10:37:58 GMT" time="165.595" errors="0">
  <testcase name="TC_001" time="38.594" classname="fc_TestCases.fc_TC_001"/>
  <testcase name="Logintest" time="59.424" classname="fc_TestCases.TC_Dataprovider_001"/>
  <testcase name="Logintest" time="7.478" classname="fc_TestCases.TC_Dataprovider_001"/>
  <testcase name="filldetails" time="164.45" classname="fc_TestCases.TC_Filldetails_003"/>
</testsuite> <!-- My Test -->
